Executing: KSP-AVC - 1.1.5.0
Assembly: /Users/ehren/Library/Application Support/Steam/SteamApps/common/Kerbal Space Program/GameData/KSP-AVC/KSP-AVC.dll

[Text 21:27:07.0039200]: Starter was created.
[Text 21:27:09.0236430]: Checking Root: /Users/ehren/Library/Application Support/Steam/SteamApps/common/Kerbal Space Program/GameData
[Text 21:27:09.0252120]: CheckerProgressGui was created.
[Text 21:27:09.7140640]: Identical remote version found: Using remote version information only.
[Text 21:27:09.7145560]: https://raw.githubusercontent.com/TriggerAu/KerbalAlarmClock/master/KerbalAlarmClock/KerbalAlarmClock.version
	NAME: Kerbal Alarm Clock
	URL: https://raw.githubusercontent.com/TriggerAu/KerbalAlarmClock/master/KerbalAlarmClock/KerbalAlarmClock.version
	DOWNLOAD: https://github.com/TriggerAu/KerbalAlarmClock/releases
	GITHUB: NULL
	VERSION: 3.4
	KSP_VERSION: 1.0.4
	KSP_VERSION_MIN: 1.0
	KSP_VERSION_MAX: 1.0.99
	CompatibleKspVersion: False
	CompatibleKspVersionMin: True
	CompatibleKspVersionMax: True
	CompatibleGitHubVersion: True

[Text 21:27:09.7231010]: Identical remote version found: Using remote version information only.
[Text 21:27:09.7231130]: https://raw.githubusercontent.com/StupidChris/RealChute/master/Output/GameData/RealChute/RealChute.version
	NAME: RealChute
	URL: https://raw.githubusercontent.com/StupidChris/RealChute/master/Output/GameData/RealChute/RealChute.version
	DOWNLOAD: NULL
	GITHUB: NULL
	VERSION: 1.3.2.4
	KSP_VERSION: 1.0.5
	KSP_VERSION_MIN: NULL
	KSP_VERSION_MAX: NULL
	CompatibleKspVersion: True
	CompatibleKspVersionMin: True
	CompatibleKspVersionMax: True
	CompatibleGitHubVersion: True

[Text 21:27:09.7997520]: Identical remote version found: Using remote version information only.
[Text 21:27:09.8001570]: http://ksp.necrobones.com/files/ModRocketSys/ModularRocketSystems.version
	NAME: Modular Rocket Systems
	URL: ModularRocketSystems.version
	DOWNLOAD: https://kerbalstuff.com/mod/148/Modular%20Rocket%20Systems%20-%20Parts%20Pack
	GITHUB: NULL
	VERSION: 1.10.1
	KSP_VERSION: Any
	KSP_VERSION_MIN: 1.0.5
	KSP_VERSION_MAX: NULL
	CompatibleKspVersion: True
	CompatibleKspVersionMin: True
	CompatibleKspVersionMax: True
	CompatibleGitHubVersion: True

[Text 21:27:09.8141780]: /Users/ehren/Library/Application Support/Steam/SteamApps/common/Kerbal Space Program/GameData/WildBlueIndustries/Buffalo/Buffalo.version
	NAME: Buffalo
	URL: https://raw.githubusercontent.com/Angel-125/Buffalo/master/GameData/WildBlueIndustries/Buffalo.version
	DOWNLOAD: https://github.com/Angel-125/Buffalo/releases
	GITHUB: Angel-125/Buffalo
		LatestRelease: NULL
		AllowPreRelease: False
	VERSION: 0.2.2
	KSP_VERSION: 1.0.5
	KSP_VERSION_MIN: NULL
	KSP_VERSION_MAX: NULL
	CompatibleKspVersion: True
	CompatibleKspVersionMin: True
	CompatibleKspVersionMax: True
	CompatibleGitHubVersion: True

[Text 21:27:09.8502690]: /Users/ehren/Library/Application Support/Steam/SteamApps/common/Kerbal Space Program/GameData/CommunityResourcePack/CRP.version
	NAME: Community Resource Pack
	URL: https://raw.githubusercontent.com/BobPalmer/CommunityResourcePack/master/GameData/CommunityResourcePack/CRP.version
	DOWNLOAD: https://github.com/BobPalmer/CommunityResourcePack/releases
	GITHUB: BobPalmer/CommunityResourcePack
		LatestRelease: NULL
		AllowPreRelease: False
	VERSION: 0.4.7
	KSP_VERSION: 1.0.5
	KSP_VERSION_MIN: 1.0
	KSP_VERSION_MAX: 1.0.5
	CompatibleKspVersion: True
	CompatibleKspVersionMin: True
	CompatibleKspVersionMax: True
	CompatibleGitHubVersion: True

[Text 21:27:10.0379610]: Identical remote version found: Using remote version information only.
[Text 21:27:10.0379870]: https://raw.githubusercontent.com/snjo/Firespitter/master/For%20release/Firespitter/Firespitter.version
	NAME: Firespitter
	URL: https://raw.githubusercontent.com/snjo/Firespitter/master/For%20release/Firespitter/Firespitter.version
	DOWNLOAD: NULL
	GITHUB: NULL
	VERSION: 7.1.5
	KSP_VERSION: 1.0.5
	KSP_VERSION_MIN: NULL
	KSP_VERSION_MAX: NULL
	CompatibleKspVersion: True
	CompatibleKspVersionMin: True
	CompatibleKspVersionMax: True
	CompatibleGitHubVersion: True

[Text 21:27:10.1682770]: /Users/ehren/Library/Application Support/Steam/SteamApps/common/Kerbal Space Program/GameData/WildBlueIndustries/Pathfinder/Pathfinder.version
	NAME: Pathfinder
	URL: https://raw.githubusercontent.com/Angel-125/Pathfinder/master/GameData/WildBlueIndustries/Pathfinder.version
	DOWNLOAD: https://github.com/Angel-125/Pathfinder/releases
	GITHUB: Angel-125/Pathfinder
		LatestRelease: NULL
		AllowPreRelease: False
	VERSION: 0.9.2
	KSP_VERSION: 1.0.5
	KSP_VERSION_MIN: NULL
	KSP_VERSION_MAX: NULL
	CompatibleKspVersion: True
	CompatibleKspVersionMin: True
	CompatibleKspVersionMax: True
	CompatibleGitHubVersion: True

[Text 21:27:10.2064940]: Identical remote version found: Using remote version information only.
[Text 21:27:10.2065130]: http://ksp-avc.cybutek.net/version.php?id=136
	NAME: SETI-Greenhouse
	URL: http://ksp-avc.cybutek.net/version.php?id=136
	DOWNLOAD: http://forum.kerbalspaceprogram.com/threads/114133
	GITHUB: NULL
	VERSION: 0.9.3
	KSP_VERSION: 1.0.5
	KSP_VERSION_MIN: 1.0
	KSP_VERSION_MAX: 1.0.99
	CompatibleKspVersion: True
	CompatibleKspVersionMin: True
	CompatibleKspVersionMax: True
	CompatibleGitHubVersion: True

[Text 21:27:10.3193990]: Identical remote version found: Using remote version information only.
[Text 21:27:10.3198060]: https://raw.githubusercontent.com/pellinor0/TweakScale/master/GameData/TweakScale/TweakScale.version
	NAME: TweakScale
	URL: https://raw.githubusercontent.com/pellinor0/TweakScale/master/GameData/TweakScale/TweakScale.version
	DOWNLOAD: https://kerbalstuff.com/mod/344/TweakScale%20-%20Rescale%20Everything!/download/
	GITHUB: Pellinor/TweakScale
		LatestRelease: NULL
		AllowPreRelease: False
	VERSION: 2.2.5
	KSP_VERSION: 1.0.5
	KSP_VERSION_MIN: NULL
	KSP_VERSION_MAX: NULL
	CompatibleKspVersion: True
	CompatibleKspVersionMin: True
	CompatibleKspVersionMax: True
	CompatibleGitHubVersion: True

[Text 21:27:10.6543560]: Identical remote version found: Using remote version information only.
[Text 21:27:10.6547730]: http://ksp-avc.cybutek.net/version.php?id=99
	NAME: Editor Extensions
	URL: http://ksp-avc.cybutek.net/version.php?id=99
	DOWNLOAD: https://github.com/MachXXV/EditorExtensions/releases/latest
	GITHUB: NULL
	VERSION: 2.12
	KSP_VERSION: 1.0.3
	KSP_VERSION_MIN: 1.0
	KSP_VERSION_MAX: 1.0.*
	CompatibleKspVersion: False
	CompatibleKspVersionMin: True
	CompatibleKspVersionMax: True
	CompatibleGitHubVersion: True

[Text 21:27:10.6724230]: /Users/ehren/Library/Application Support/Steam/SteamApps/common/Kerbal Space Program/GameData/WildBlueIndustries/000WildBlueTools/WildBlueTools.version
	NAME: WildBlueTools
	URL: https://raw.githubusercontent.com/Angel-125/WildBlueTools/master/GameData/WildBlueIndustries/000WildBlueTools/WildBlueTools.version
	DOWNLOAD: https://github.com/Angel-125/WildBlueTools/releases
	GITHUB: Angel-125/WildBlueTools
		LatestRelease: NULL
		AllowPreRelease: False
	VERSION: 1.0.22
	KSP_VERSION: 1.0.5
	KSP_VERSION_MIN: NULL
	KSP_VERSION_MAX: NULL
	CompatibleKspVersion: True
	CompatibleKspVersionMin: True
	CompatibleKspVersionMax: True
	CompatibleGitHubVersion: True
[Text 21:27:10.6733620]: https://raw.githubusercontent.com/Angel-125/WildBlueTools/master/GameData/WildBlueIndustries/000WildBlueTools/WildBlueTools.version
	NAME: WildBlueTools
	URL: https://raw.githubusercontent.com/Angel-125/WildBlueTools/master/GameData/WildBlueIndustries/000WildBlueTools/WildBlueTools.version
	DOWNLOAD: https://github.com/Angel-125/WildBlueTools/releases
	GITHUB: Angel-125/WildBlueTools
		LatestRelease: 1.0.24
		AllowPreRelease: False
	VERSION: 1.0.24
	KSP_VERSION: 1.0.5
	KSP_VERSION_MIN: NULL
	KSP_VERSION_MAX: NULL
	CompatibleKspVersion: True
	CompatibleKspVersionMin: True
	CompatibleKspVersionMax: True
	CompatibleGitHubVersion: True
	UpdateAvailable: False

[Text 21:27:10.6742660]: Identical remote version found: Using remote version information only.
[Text 21:27:10.6742770]: https://raw.githubusercontent.com/ferram4/Kerbal-Joint-Reinforcement/master/GameData/KerbalJointReinforcement/KerbalJointReinforcement.version
	NAME: Kerbal Joint Reinforcement
	URL: https://raw.githubusercontent.com/ferram4/Kerbal-Joint-Reinforcement/master/GameData/KerbalJointReinforcement/KerbalJointReinforcement.version
	DOWNLOAD: https://github.com/ferram4/Kerbal-Joint-Reinforcement/releases
	GITHUB: ferram4/Kerbal-Joint-Reinforcement
		LatestRelease: 3.1.4
		AllowPreRelease: False
	VERSION: 3.1.4
	KSP_VERSION: Any
	KSP_VERSION_MIN: 1.0
	KSP_VERSION_MAX: 1.0.5
	CompatibleKspVersion: True
	CompatibleKspVersionMin: True
	CompatibleKspVersionMax: True
	CompatibleGitHubVersion: True

[Text 21:27:10.6822810]: Identical remote version found: Using remote version information only.
[Text 21:27:10.6823060]: http://ksp-avc.cybutek.net/version.php?id=27
	NAME: Chatterer
	URL: http://ksp-avc.cybutek.net/version.php?id=27
	DOWNLOAD: http://forum.kerbalspaceprogram.com/threads/92324-0-24-2-Chatterer-v-0-6-1-Aug-31-2014
	GITHUB: NULL
	VERSION: 0.9.7.86
	KSP_VERSION: 1.0.5
	KSP_VERSION_MIN: 1.0
	KSP_VERSION_MAX: NULL
	CompatibleKspVersion: True
	CompatibleKspVersionMin: True
	CompatibleKspVersionMax: True
	CompatibleGitHubVersion: True

[Text 21:27:10.7451590]: Identical remote version found: Using remote version information only.
[Text 21:27:10.7451740]: https://raw.githubusercontent.com/obivandamme/Workshop/master/GameData/Workshop/Workshop.version
	NAME: OSE Workshop
	URL: https://raw.githubusercontent.com/obivandamme/Workshop/master/GameData/Workshop/Workshop.version
	DOWNLOAD: https://github.com/obivandamme/Workshop/releases
	GITHUB: obivandamme/Workshop
		LatestRelease: 0.11.1
		AllowPreRelease: False
	VERSION: 0.11
	KSP_VERSION: 1.0.5
	KSP_VERSION_MIN: 1.0.5
	KSP_VERSION_MAX: 1.0.5
	CompatibleKspVersion: True
	CompatibleKspVersionMin: True
	CompatibleKspVersionMax: True
	CompatibleGitHubVersion: False

[Text 21:27:10.8745700]: Identical remote version found: Using remote version information only.
[Text 21:27:10.8745880]: https://raw.githubusercontent.com/KospY/KAS/master/kas.version
	NAME: Kerbal Attachment System
	URL: https://raw.githubusercontent.com/KospY/KAS/master/kas.version
	DOWNLOAD: http://forum.kerbalspaceprogram.com/threads/92514
	GITHUB: KospY/KAS
		LatestRelease: NULL
		AllowPreRelease: False
	VERSION: 0.5.5
	KSP_VERSION: 1.0.5
	KSP_VERSION_MIN: NULL
	KSP_VERSION_MAX: NULL
	CompatibleKspVersion: True
	CompatibleKspVersionMin: True
	CompatibleKspVersionMax: True
	CompatibleGitHubVersion: True

[Text 21:27:10.9244950]: Identical remote version found: Using remote version information only.
[Text 21:27:10.9245120]: https://raw.githubusercontent.com/KospY/KIS/master/kis.version
	NAME: Kerbal Inventory System
	URL: https://raw.githubusercontent.com/KospY/KIS/master/kis.version
	DOWNLOAD: http://forum.kerbalspaceprogram.com/threads/113111
	GITHUB: KospY/KIS
		LatestRelease: NULL
		AllowPreRelease: False
	VERSION: 1.2.3
	KSP_VERSION: 1.0.5
	KSP_VERSION_MIN: NULL
	KSP_VERSION_MAX: NULL
	CompatibleKspVersion: True
	CompatibleKspVersionMin: True
	CompatibleKspVersionMax: True
	CompatibleGitHubVersion: True

[Text 21:27:11.0493230]: Identical remote version found: Using remote version information only.
[Text 21:27:11.0493420]: https://raw.githubusercontent.com/RemoteTechnologiesGroup/RemoteTech/master/GameData/RemoteTech/RemoteTech.version
	NAME: RemoteTech
	URL: https://raw.githubusercontent.com/RemoteTechnologiesGroup/RemoteTech/master/GameData/RemoteTech/RemoteTech.version
	DOWNLOAD: https://kerbalstuff.com/mod/134/RemoteTech
	GITHUB: RemoteTechnologiesGroup/RemoteTech
		LatestRelease: 1.6.9
		AllowPreRelease: False
	VERSION: 1.6.9
	KSP_VERSION: 1.0.5
	KSP_VERSION_MIN: 1.0.5
	KSP_VERSION_MAX: 1.0.5
	CompatibleKspVersion: True
	CompatibleKspVersionMin: True
	CompatibleKspVersionMax: True
	CompatibleGitHubVersion: True

[Text 21:27:11.0596960]: Identical remote version found: Using remote version information only.
[Text 21:27:11.0597130]: http://ksp-avc.cybutek.net/version.php?id=2
	NAME: KSP-AVC Plugin
	URL: http://ksp-avc.cybutek.net/version.php?id=2
	DOWNLOAD: http://kerbal.curseforge.com/ksp-mods/220462-ksp-avc-add-on-version-checker
	GITHUB: NULL
	VERSION: 1.1.5
	KSP_VERSION: 0.25
	KSP_VERSION_MIN: NULL
	KSP_VERSION_MAX: 1.0.5
	CompatibleKspVersion: False
	CompatibleKspVersionMin: True
	CompatibleKspVersionMax: True
	CompatibleGitHubVersion: True

[Text 21:27:11.6992450]: Identical remote version found: Using remote version information only.
[Text 21:27:11.6992660]: http://ksp-avc.cybutek.net/version.php?id=108
	NAME: Universal Storage
	URL: http://ksp-avc.cybutek.net/version.php?id=108
	DOWNLOAD: https://kerbalstuff.com/mod/250/Universal%20Storage
	GITHUB: NULL
	VERSION: 1.1.0.8
	KSP_VERSION: 1.0.5
	KSP_VERSION_MIN: 1.0
	KSP_VERSION_MAX: NULL
	CompatibleKspVersion: True
	CompatibleKspVersionMin: True
	CompatibleKspVersionMax: True
	CompatibleGitHubVersion: True

[Text 21:27:11.8634710]: Identical remote version found: Using remote version information only.
[Text 21:27:11.8634920]: http://ksp-avc.cybutek.net/version.php?id=181
	NAME: EVAHandrailsPackContinued
	URL: http://ksp-avc.cybutek.net/version.php?id=181
	DOWNLOAD: https://kerbalstuff.com/mod/929/EVA%20Handrails%20Pack%20Continued/download/
	GITHUB: NULL
	VERSION: 0.2
	KSP_VERSION: 1.0.4
	KSP_VERSION_MIN: 1.0.2
	KSP_VERSION_MAX: 1.0.4
	CompatibleKspVersion: False
	CompatibleKspVersionMin: True
	CompatibleKspVersionMax: False
	CompatibleGitHubVersion: True

[Text 21:27:12.4335360]: Identical remote version found: Using remote version information only.
[Text 21:27:12.4335540]: https://raw.githubusercontent.com/KSP-KOS/KOS/master/Resources/GameData/kOS/kOS.version
	NAME: kOS
	URL: https://raw.githubusercontent.com/KSP-KOS/KOS/master/Resources/GameData/kOS/kOS.version
	DOWNLOAD: TODO - when release...
	GITHUB: KSP-KOS/KOS
		LatestRelease: 12.1
		AllowPreRelease: False
	VERSION: 0.18.2
	KSP_VERSION: 1.0.4
	KSP_VERSION_MIN: 1.0.4
	KSP_VERSION_MAX: 1.0.99
	CompatibleKspVersion: False
	CompatibleKspVersionMin: True
	CompatibleKspVersionMax: True
	CompatibleGitHubVersion: False

[Text 21:27:12.9611750]: IssueGui was created.
[Text 21:27:12.9627160]: Starter was destroyed.
[Text 21:27:12.9636460]: CheckerProgressGui was destroyed.
[Text 21:27:12.9908330]: ToolTipGui was created.
[Text 21:27:26.1880880]: IssueGui was destroyed.
[Text 21:27:26.1902090]: ToolTipGui was destroyed.
